<?xml version="1.0" encoding="UTF-8"?>
<!-- Generated by org.testng.reporters.JUnitReportReporter -->
<testsuite hostname="DESKTOP-7ARKDEF" failures="0" tests="2" name="testing.Testing.AppiumTest" time="0.001" errors="0" timestamp="10 Jul 2020 15:46:07 GMT">
  <testcase classname="testing.Testing.AppiumTest" name="thirdTest" time="0.000"/>
  <testcase classname="testing.Testing.AppiumTest" name="fourthTest" time="0.001"/>
</testsuite> <!-- testing.Testing.AppiumTest -->
