<?xml version="1.0" encoding="UTF-8"?>
<!-- Generated by org.testng.reporters.JUnitReportReporter -->
<testsuite hostname="DESKTOP-7ARKDEF" failures="0" tests="2" name="testing.Testing.RestAPITest" time="0.020" errors="0" timestamp="10 Jul 2020 15:46:07 GMT">
  <testcase classname="testing.Testing.RestAPITest" name="sixthTest" time="0.000"/>
  <testcase classname="testing.Testing.RestAPITest" name="fifthTest" time="0.020"/>
</testsuite> <!-- testing.Testing.RestAPITest -->
