<?xml version="1.0" encoding="UTF-8"?>
<!-- Generated by org.testng.reporters.JUnitReportReporter -->
<testsuite hostname="DESKTOP-7ARKDEF" failures="0" tests="2" name="testing.Testing.SeleniumTest" time="0.000" errors="0" timestamp="10 Jul 2020 15:46:07 GMT">
  <testcase classname="testing.Testing.SeleniumTest" name="secondTest" time="0.000"/>
  <testcase classname="testing.Testing.SeleniumTest" name="firstTest" time="0.000"/>
</testsuite> <!-- testing.Testing.SeleniumTest -->
